{
  "RSpec": {
    "coverage": {
      "/Users/stevenweiss/dev/on_the_side/app/helpers/application_helper.rb": [
        1,
        null
      ],
      "/Users/stevenweiss/dev/on_the_side/app/helpers/foursquare_helper.rb": [
        1,
        null,
        1,
        0,
        0,
        0,
        0,
        null,
        null,
        null,
        1,
        0,
        0,
        null,
        null,
        null,
        null,
        null,
        null,
        null,
        null,
        null,
        0,
        null,
        null,
        null,
        null,
        1,
        0,
        0,
        0,
        null,
        0,
        0,
        0,
        null,
        0,
        null,
        null,
        null,
        null,
        1,
        0,
        0,
        null,
        null,
        null,
        null,
        null
      ],
      "/Users/stevenweiss/dev/on_the_side/app/models/ingredient.rb": [
        1,
        1,
        null
      ],
      "/Users/stevenweiss/dev/on_the_side/app/models/restaurant.rb": [
        1,
        1,
        1,
        1,
        1,
        null
      ],
      "/Users/stevenweiss/dev/on_the_side/app/models/user.rb": [
        1,
        null,
        1,
        1,
        1,
        1,
        1,
        null,
        1,
        null,
        null,
        null,
        null,
        null
      ]
    },
    "timestamp": 1393867085
  }
}
