{
  "RSpec": {
    "coverage": {
      "/Users/stevenweiss/dev/on_the_side/app/helpers/application_helper.rb": [
        1,
        null
      ],
      "/Users/stevenweiss/dev/on_the_side/app/helpers/foursquare_helper.rb": [
        1,
        null,
        1,
        1,
        1,
        1,
        1,
        null,
        null,
        null,
        1,
        1,
        1,
        null,
        null,
        null,
        null,
        null,
        null,
        null,
        null,
        null,
        5,
        null,
        null,
        null,
        null,
        1,
        5,
        5,
        0,
        null,
        5,
        5,
        1,
        null,
        4,
        null,
        null,
        null,
        null,
        1,
        5,
        5,
        null,
        null,
        null,
        null,
        null
      ],
      "/Users/stevenweiss/dev/on_the_side/app/models/user.rb": [
        1,
        null,
        1,
        1,
        1,
        1,
        1,
        null,
        1,
        null,
        null,
        null,
        null,
        null
      ],
      "/Users/stevenweiss/dev/on_the_side/app/models/ingredient.rb": [
        1,
        1,
        null
      ],
      "/Users/stevenweiss/dev/on_the_side/app/controllers/sessions_controller.rb": [
        1,
        null,
        null,
        1,
        null,
        null,
        1,
        3,
        null,
        3,
        null,
        3,
        null,
        3,
        null,
        null,
        null,
        0,
        null,
        null,
        null,
        null,
        1,
        2,
        2,
        null,
        null,
        null,
        null
      ],
      "/Users/stevenweiss/dev/on_the_side/app/controllers/application_controller.rb": [
        1,
        null,
        null,
        1,
        null,
        null,
        1,
        64,
        null,
        null,
        1,
        32,
        null,
        null,
        1,
        8,
        8,
        null,
        0,
        null,
        null,
        null,
        null,
        null,
        null,
        1,
        null
      ],
      "/Users/stevenweiss/dev/on_the_side/app/controllers/users_controller.rb": [
        1,
        null,
        1,
        1,
        null,
        1,
        0,
        null,
        null,
        1,
        0,
        null,
        0,
        0,
        null,
        0,
        null,
        null,
        null,
        1,
        null,
        null,
        null,
        5,
        null,
        null,
        null,
        null,
        1,
        0,
        null,
        null,
        1,
        0,
        null,
        0,
        0,
        null,
        0,
        null,
        null,
        null,
        1,
        0,
        0,
        0,
        null,
        null,
        null,
        1,
        null,
        1,
        5,
        null,
        null,
        1,
        0,
        null,
        null,
        1,
        5,
        0,
        null,
        null,
        null,
        1,
        5,
        0,
        null,
        null,
        null,
        null
      ],
      "/Users/stevenweiss/dev/on_the_side/app/models/restaurant.rb": [
        1,
        1,
        1,
        1,
        1,
        null
      ],
      "/Users/stevenweiss/dev/on_the_side/app/controllers/ingredients_controller.rb": [
        1,
        1,
        null,
        1,
        null,
        1,
        4,
        4,
        null,
        null,
        1,
        3,
        null,
        null,
        1,
        0,
        0,
        0,
        null,
        0,
        null,
        null,
        null,
        1,
        0,
        0,
        null,
        null,
        1,
        1,
        0,
        null,
        null,
        null,
        null,
        1,
        1,
        1,
        null,
        null,
        1,
        0,
        0,
        null,
        null,
        1,
        null,
        1,
        6,
        null,
        null,
        1,
        1,
        null,
        null,
        null
      ],
      "/Users/stevenweiss/dev/on_the_side/app/controllers/welcome_controller.rb": [
        1,
        null,
        1,
        null,
        null,
        null
      ],
      "/Users/stevenweiss/dev/on_the_side/app/controllers/restaurants_controller.rb": [
        null,
        null,
        null,
        null,
        null,
        null,
        null,
        null,
        null,
        null,
        null,
        null,
        null,
        null,
        null,
        null,
        null,
        null,
        null,
        null,
        null,
        null,
        null,
        null,
        null,
        null,
        null,
        null,
        null,
        null,
        null,
        null,
        null
      ]
    },
    "timestamp": 1393868110
  }
}
